0 info it worked if it ends with ok
1 verbose cli [ '/usr/bin/node', '/usr/bin/npm', 'install', '-g' ]
2 info using npm@1.4.28
3 info using node@v0.10.38
4 verbose node symlink /usr/bin/node
5 verbose cache add [ '.', null ]
6 verbose cache add name=undefined spec="." args=[".",null]
7 verbose parsed url { protocol: null,
7 verbose parsed url   slashes: null,
7 verbose parsed url   auth: null,
7 verbose parsed url   host: null,
7 verbose parsed url   port: null,
7 verbose parsed url   hostname: null,
7 verbose parsed url   hash: null,
7 verbose parsed url   search: null,
7 verbose parsed url   query: null,
7 verbose parsed url   pathname: '.',
7 verbose parsed url   path: '.',
7 verbose parsed url   href: '.' }
8 silly lockFile 3a52ce78- .
9 verbose lock . /home/abe/.npm/3a52ce78-.lock
10 verbose tar pack [ '/home/abe/.npm/twitterd/1.0.0/package.tgz', '.' ]
11 verbose tarball /home/abe/.npm/twitterd/1.0.0/package.tgz
12 verbose folder .
13 info prepublish twitterd@1.0.0
14 silly lockFile 1f1177db-tar tar://.
15 verbose lock tar://. /home/abe/.npm/1f1177db-tar.lock
16 silly lockFile 3996f614-e-npm-twitterd-1-0-0-package-tgz tar:///home/abe/.npm/twitterd/1.0.0/package.tgz
17 verbose lock tar:///home/abe/.npm/twitterd/1.0.0/package.tgz /home/abe/.npm/3996f614-e-npm-twitterd-1-0-0-package-tgz.lock
18 silly lockFile 1f1177db-tar tar://.
19 silly lockFile 1f1177db-tar tar://.
20 silly lockFile 3996f614-e-npm-twitterd-1-0-0-package-tgz tar:///home/abe/.npm/twitterd/1.0.0/package.tgz
21 silly lockFile 3996f614-e-npm-twitterd-1-0-0-package-tgz tar:///home/abe/.npm/twitterd/1.0.0/package.tgz
22 silly lockFile 62326811-e-abe-npm-twitterd-1-0-0-package /home/abe/.npm/twitterd/1.0.0/package
23 verbose lock /home/abe/.npm/twitterd/1.0.0/package /home/abe/.npm/62326811-e-abe-npm-twitterd-1-0-0-package.lock
24 silly lockFile 62326811-e-abe-npm-twitterd-1-0-0-package /home/abe/.npm/twitterd/1.0.0/package
25 silly lockFile 62326811-e-abe-npm-twitterd-1-0-0-package /home/abe/.npm/twitterd/1.0.0/package
26 silly lockFile 3a52ce78- .
27 silly lockFile 3a52ce78- .
28 silly resolved [ { name: 'twitterd',
28 silly resolved     version: '1.0.0',
28 silly resolved     description: '',
28 silly resolved     main: 'index.js',
28 silly resolved     bin: { mkfito: './index.js' },
28 silly resolved     scripts: { test: 'echo "Error: no test specified" && exit 1' },
28 silly resolved     author: '',
28 silly resolved     license: 'ISC',
28 silly resolved     dependencies:
28 silly resolved      { colors: '^1.1.2',
28 silly resolved        'es6-promises': '^1.0.10',
28 silly resolved        twitter: '^1.2.5' },
28 silly resolved     readme: 'ERROR: No README data found!',
28 silly resolved     _id: 'twitterd@1.0.0',
28 silly resolved     _shasum: 'b65385c7ceb13bf276c895f4986ae3fd67d4e45c',
28 silly resolved     _from: '.' } ]
29 info install twitterd@1.0.0 into /usr/lib
30 info installOne twitterd@1.0.0
31 verbose lib/node_modules/twitterd unbuild
32 verbose tar unpack /home/abe/.npm/twitterd/1.0.0/package.tgz
33 silly lockFile 12b9ae74-ar-usr-lib-node-modules-twitterd tar:///usr/lib/node_modules/twitterd
34 verbose lock tar:///usr/lib/node_modules/twitterd /home/abe/.npm/12b9ae74-ar-usr-lib-node-modules-twitterd.lock
35 silly lockFile 3996f614-e-npm-twitterd-1-0-0-package-tgz tar:///home/abe/.npm/twitterd/1.0.0/package.tgz
36 verbose lock tar:///home/abe/.npm/twitterd/1.0.0/package.tgz /home/abe/.npm/3996f614-e-npm-twitterd-1-0-0-package-tgz.lock
37 silly gunzTarPerm modes [ '775', '664' ]
38 error Error: EACCES, mkdir '/usr/lib/node_modules/twitterd'
38 error  { [Error: EACCES, mkdir '/usr/lib/node_modules/twitterd']
38 error   errno: 3,
38 error   code: 'EACCES',
38 error   path: '/usr/lib/node_modules/twitterd',
38 error   fstream_type: 'Directory',
38 error   fstream_path: '/usr/lib/node_modules/twitterd',
38 error   fstream_class: 'DirWriter',
38 error   fstream_stack:
38 error    [ '/usr/lib/node_modules/npm/node_modules/fstream/lib/dir-writer.js:36:23',
38 error      '/usr/lib/node_modules/npm/node_modules/mkdirp/index.js:46:53',
38 error      'Object.oncomplete (fs.js:108:15)' ] }
39 error Please try running this command again as root/Administrator.
40 error System Linux 3.19.0-21-generic
41 error command "/usr/bin/node" "/usr/bin/npm" "install" "-g"
42 error cwd /home/abe/tmp/twitterd
43 error node -v v0.10.38
44 error npm -v 1.4.28
45 error path /usr/lib/node_modules/twitterd
46 error fstream_path /usr/lib/node_modules/twitterd
47 error fstream_type Directory
48 error fstream_class DirWriter
49 error code EACCES
50 error errno 3
51 error stack Error: EACCES, mkdir '/usr/lib/node_modules/twitterd'
52 error fstream_stack /usr/lib/node_modules/npm/node_modules/fstream/lib/dir-writer.js:36:23
52 error fstream_stack /usr/lib/node_modules/npm/node_modules/mkdirp/index.js:46:53
52 error fstream_stack Object.oncomplete (fs.js:108:15)
53 verbose exit [ 3, true ]
